# JRE version: OpenJDK Runtime Environment Temurin-17.0.6+10 (17.0.6+10) (build 17.0.6+10)
# Java VM: OpenJDK 64-Bit Server VM Temurin-17.0.6+10 (17.0.6+10, mixed mode, tiered, compressed oops, compressed class ptrs, g1 gc, windows-amd64)
GC Precious Log:
 CPUs: 8 total, 8 available
 Memory: 16167M
 Large Page Support: Disabled
 NUMA Support: Disabled
 Compressed Oops: Enabled (Zero based)
 Heap Region Size: 2M
 Heap Min Capacity: 8M
 Heap Initial Capacity: 254M
 Heap Max Capacity: 4042M
 Pre-touch: Disabled
 Parallel Workers: 8
 Concurrent Workers: 2
 Concurrent Refinement Workers: 8
 Periodic GC: Disabled
Heap:
 garbage-first heap   total 262144K, used 79923K [0x0000000703600000, 0x0000000800000000)
  region size 2048K, 15 young (30720K), 1 survivors (2048K)
 Metaspace       used 40523K, committed 40896K, reserved 1089536K
  class space    used 4313K, committed 4480K, reserved 1048576K
GC Heap History (20 events):
Event: 1.218 GC heap before
{Heap before GC invocations=2 (full 0):
 garbage-first heap   total 260096K, used 22716K [0x0000000703600000, 0x0000000800000000)
  region size 2048K, 10 young (20480K), 1 survivors (2048K)
 Metaspace       used 21386K, committed 21504K, reserved 1073152K
  class space    used 2250K, committed 2304K, reserved 1048576K
}
Event: 1.220 GC heap after
{Heap after GC invocations=3 (full 0):
 garbage-first heap   total 260096K, used 7428K [0x0000000703600000, 0x0000000800000000)
  region size 2048K, 2 young (4096K), 2 survivors (4096K)
 Metaspace       used 21386K, committed 21504K, reserved 1073152K
  class space    used 2250K, committed 2304K, reserved 1048576K
}
Event: 1.437 GC heap before
{Heap before GC invocations=4 (full 0):
 garbage-first heap   total 40960K, used 25860K [0x0000000703600000, 0x0000000800000000)
  region size 2048K, 12 young (24576K), 2 survivors (4096K)
 Metaspace       used 22492K, committed 22656K, reserved 1073152K
  class space    used 2339K, committed 2432K, reserved 1048576K
}
Event: 1.442 GC heap after
{Heap after GC invocations=5 (full 0):
 garbage-first heap   total 40960K, used 10432K [0x0000000703600000, 0x0000000800000000)
  region size 2048K, 3 young (6144K), 3 survivors (6144K)
 Metaspace       used 22492K, committed 22656K, reserved 1073152K
  class space    used 2339K, committed 2432K, reserved 1048576K
}
Event: 1.460 GC heap before
{Heap before GC invocations=5 (full 0):
 garbage-first heap   total 40960K, used 10432K [0x0000000703600000, 0x0000000800000000)
  region size 2048K, 4 young (8192K), 3 survivors (6144K)
 Metaspace       used 22555K, committed 22784K, reserved 1073152K
  class space    used 2345K, committed 2432K, reserved 1048576K
}
Event: 1.465 GC heap after
{Heap after GC invocations=6 (full 0):
 garbage-first heap   total 40960K, used 11070K [0x0000000703600000, 0x0000000800000000)
  region size 2048K, 1 young (2048K), 1 survivors (2048K)
 Metaspace       used 22555K, committed 22784K, reserved 1073152K
  class space    used 2345K, committed 2432K, reserved 1048576K
}
Event: 1.574 GC heap before
{Heap before GC invocations=6 (full 0):
 garbage-first heap   total 40960K, used 27454K [0x0000000703600000, 0x0000000800000000)
  region size 2048K, 9 young (18432K), 1 survivors (2048K)
 Metaspace       used 22781K, committed 22912K, reserved 1073152K
  class space    used 2358K, committed 2432K, reserved 1048576K
}
Event: 1.577 GC heap after
{Heap after GC invocations=7 (full 0):
 garbage-first heap   total 40960K, used 12180K [0x0000000703600000, 0x0000000800000000)
  region size 2048K, 2 young (4096K), 2 survivors (4096K)
 Metaspace       used 22781K, committed 22912K, reserved 1073152K
  class space    used 2358K, committed 2432K, reserved 1048576K
}
Event: 1.659 GC heap before
{Heap before GC invocations=7 (full 0):
 garbage-first heap   total 40960K, used 26516K [0x0000000703600000, 0x0000000800000000)
  region size 2048K, 9 young (18432K), 2 survivors (4096K)
 Metaspace       used 22909K, committed 23040K, reserved 1073152K
  class space    used 2360K, committed 2432K, reserved 1048576K
}
Event: 1.663 GC heap after
{Heap after GC invocations=8 (full 0):
 garbage-first heap   total 151552K, used 13315K [0x0000000703600000, 0x0000000800000000)
  region size 2048K, 2 young (4096K), 2 survivors (4096K)
 Metaspace       used 22909K, committed 23040K, reserved 1073152K
  class space    used 2360K, committed 2432K, reserved 1048576K
}
Event: 2.478 GC heap before
{Heap before GC invocations=8 (full 0):
 garbage-first heap   total 151552K, used 103427K [0x0000000703600000, 0x0000000800000000)
  region size 2048K, 44 young (90112K), 2 survivors (4096K)
 Metaspace       used 31859K, committed 32128K, reserved 1081344K
  class space    used 3389K, committed 3520K, reserved 1048576K
}
Event: 2.486 GC heap after
{Heap after GC invocations=9 (full 0):
 garbage-first heap   total 151552K, used 25296K [0x0000000703600000, 0x0000000800000000)
  region size 2048K, 6 young (12288K), 6 survivors (12288K)
 Metaspace       used 31859K, committed 32128K, reserved 1081344K
  class space    used 3389K, committed 3520K, reserved 1048576K
}
Event: 3.327 GC heap before
{Heap before GC invocations=9 (full 0):
 garbage-first heap   total 151552K, used 96976K [0x0000000703600000, 0x0000000800000000)
  region size 2048K, 42 young (86016K), 6 survivors (12288K)
 Metaspace       used 35719K, committed 35968K, reserved 1081344K
  class space    used 3807K, committed 3968K, reserved 1048576K
}
Event: 3.340 GC heap after
{Heap after GC invocations=10 (full 0):
 garbage-first heap   total 151552K, used 35190K [0x0000000703600000, 0x0000000800000000)
  region size 2048K, 6 young (12288K), 6 survivors (12288K)
 Metaspace       used 35719K, committed 35968K, reserved 1081344K
  class space    used 3807K, committed 3968K, reserved 1048576K
}
Event: 3.881 GC heap before
{Heap before GC invocations=11 (full 0):
 garbage-first heap   total 131072K, used 98678K [0x0000000703600000, 0x0000000800000000)
  region size 2048K, 38 young (77824K), 6 survivors (12288K)
 Metaspace       used 36395K, committed 36736K, reserved 1081344K
  class space    used 3855K, committed 4032K, reserved 1048576K
}
Event: 3.892 GC heap after
{Heap after GC invocations=12 (full 0):
 garbage-first heap   total 131072K, used 51421K [0x0000000703600000, 0x0000000800000000)
  region size 2048K, 5 young (10240K), 5 survivors (10240K)
 Metaspace       used 36395K, committed 36736K, reserved 1081344K
  class space    used 3855K, committed 4032K, reserved 1048576K
}
Event: 3.905 GC heap before
{Heap before GC invocations=12 (full 0):
 garbage-first heap   total 131072K, used 53469K [0x0000000703600000, 0x0000000800000000)
  region size 2048K, 6 young (12288K), 5 survivors (10240K)
 Metaspace       used 36447K, committed 36800K, reserved 1089536K
  class space    used 3868K, committed 4032K, reserved 1048576K
}
Event: 3.911 GC heap after
{Heap after GC invocations=13 (full 0):
 garbage-first heap   total 131072K, used 53750K [0x0000000703600000, 0x0000000800000000)
  region size 2048K, 1 young (2048K), 1 survivors (2048K)
 Metaspace       used 36447K, committed 36800K, reserved 1089536K
  class space    used 3868K, committed 4032K, reserved 1048576K
}
Event: 4.236 GC heap before
{Heap before GC invocations=13 (full 0):
 garbage-first heap   total 131072K, used 92662K [0x0000000703600000, 0x0000000800000000)
  region size 2048K, 21 young (43008K), 1 survivors (2048K)
 Metaspace       used 37523K, committed 37824K, reserved 1089536K
  class space    used 3994K, committed 4160K, reserved 1048576K
}
Event: 4.239 GC heap after
{Heap after GC invocations=14 (full 0):
 garbage-first heap   total 262144K, used 53299K [0x0000000703600000, 0x0000000800000000)
  region size 2048K, 1 young (2048K), 1 survivors (2048K)
 Metaspace       used 37523K, committed 37824K, reserved 1089536K
  class space    used 3994K, committed 4160K, reserved 1048576K
}

